<?xml version="1.0" encoding="UTF-8"?>
<!-- Generated by org.testng.reporters.JUnitXMLReporter -->
<testsuite ignored="0" hostname="DESKTOP-AVC9IES" failures="0" tests="5" name="RESTassuredProject1" time="4.242" errors="0" timestamp="2022-11-07T15:56:49 EST">
  <testcase classname="APIDemo1" name="delete_demo1" time="1.938"/>
  <testcase classname="APIDemo1" name="get_demo1" time="0.914"/>
  <testcase classname="APIDemo1" name="patch_demo1" time="0.311"/>
  <testcase classname="APIDemo1" name="post_demo1" time="0.716"/>
  <testcase classname="APIDemo1" name="put_demo1" time="0.307"/>
</testsuite> <!-- RESTassuredProject1 -->
